0 info it worked if it ends with ok
1 verbose cli [ '/home/yangmingkun/.nvm/v0.10.33/bin/node',
1 verbose cli   '/home/yangmingkun/.nvm/v0.10.33/bin/npm',
1 verbose cli   'install',
1 verbose cli   '-g' ]
2 info using npm@1.4.28
3 info using node@v0.10.33
4 verbose cache add [ '.', null ]
5 verbose cache add name=undefined spec="." args=[".",null]
6 verbose parsed url { protocol: null,
6 verbose parsed url   slashes: null,
6 verbose parsed url   auth: null,
6 verbose parsed url   host: null,
6 verbose parsed url   port: null,
6 verbose parsed url   hostname: null,
6 verbose parsed url   hash: null,
6 verbose parsed url   search: null,
6 verbose parsed url   query: null,
6 verbose parsed url   pathname: '.',
6 verbose parsed url   path: '.',
6 verbose parsed url   href: '.' }
7 silly lockFile 3a52ce78- .
8 verbose lock . /home/yangmingkun/.npm/3a52ce78-.lock
9 silly lockFile 3a52ce78- .
10 silly lockFile 3a52ce78- .
11 error addLocal Could not install .
12 error Failed to parse json
12 error Unexpected end of input
13 error File: package.json
14 error Failed to parse package.json data.
14 error package.json must be actual JSON, not just JavaScript.
14 error
14 error This is not a bug in npm.
14 error Tell the package author to fix their package.json file. JSON.parse
15 error System Linux 3.13.0-24-generic
16 error command "/home/yangmingkun/.nvm/v0.10.33/bin/node" "/home/yangmingkun/.nvm/v0.10.33/bin/npm" "install" "-g"
17 error cwd /home/yangmingkun/Projects/pos-v2-3rd-test
18 error node -v v0.10.33
19 error npm -v 1.4.28
20 error file package.json
21 error code EJSONPARSE
22 verbose exit [ 1, true ]
